<?xml version="1.0" encoding="UTF-8"?>
<testng-results ignored="0" total="1" passed="1" failed="0" skipped="0">
  <reporter-output>
  </reporter-output>
  <suite started-at="2025-01-29T20:58:50 MMT" name="Default suite" finished-at="2025-01-29T20:59:40 MMT" duration-ms="50698">
    <groups>
    </groups>
    <test started-at="2025-01-29T20:58:50 MMT" name="Default test" finished-at="2025-01-29T20:59:40 MMT" duration-ms="50698">
      <class name="AutomationExercise.Sample.PlaceOrder_Login_BeforeCheckOut">
        <test-method is-config="true" signature="beforeClass()[pri:0, instance:AutomationExercise.Sample.PlaceOrder_Login_BeforeCheckOut@7e7be63f]" started-at="2025-01-29T20:58:50 MMT" name="beforeClass" finished-at="2025-01-29T20:58:52 MMT" duration-ms="2203" status="PASS">
          <reporter-output>
          </reporter-output>
        </test-method> <!-- beforeClass -->
        <test-method is-config="true" signature="beforeMethod()[pri:0, instance:AutomationExercise.Sample.PlaceOrder_Login_BeforeCheckOut@7e7be63f]" started-at="2025-01-29T20:58:52 MMT" name="beforeMethod" finished-at="2025-01-29T20:58:57 MMT" duration-ms="5145" status="PASS">
          <reporter-output>
          </reporter-output>
        </test-method> <!-- beforeMethod -->
        <test-method signature="verifyProductQuantityinCart()[pri:0, instance:AutomationExercise.Sample.PlaceOrder_Login_BeforeCheckOut@7e7be63f]" started-at="2025-01-29T20:58:57 MMT" name="verifyProductQuantityinCart" finished-at="2025-01-29T20:59:40 MMT" duration-ms="42835" status="PASS">
          <reporter-output>
          </reporter-output>
        </test-method> <!-- verifyProductQuantityinCart -->
        <test-method is-config="true" signature="afterMethod()[pri:0, instance:AutomationExercise.Sample.PlaceOrder_Login_BeforeCheckOut@7e7be63f]" started-at="2025-01-29T20:59:40 MMT" name="afterMethod" finished-at="2025-01-29T20:59:40 MMT" duration-ms="437" status="PASS">
          <reporter-output>
          </reporter-output>
        </test-method> <!-- afterMethod -->
        <test-method is-config="true" signature="afterClass()[pri:0, instance:AutomationExercise.Sample.PlaceOrder_Login_BeforeCheckOut@7e7be63f]" started-at="2025-01-29T20:59:40 MMT" name="afterClass" finished-at="2025-01-29T20:59:40 MMT" duration-ms="0" status="PASS">
          <reporter-output>
          </reporter-output>
        </test-method> <!-- afterClass -->
      </class> <!-- AutomationExercise.Sample.PlaceOrder_Login_BeforeCheckOut -->
    </test> <!-- Default test -->
  </suite> <!-- Default suite -->
</testng-results>
